  Camera.cpp
C:\Users\pegra\OneDrive\Documents\School\CSE 167\HW4\cse167raytracer\Source\Triangle.h(4,15): error C2011: 'Triangle': 'class' type redefinition
C:\Users\pegra\OneDrive\Documents\School\CSE 167\HW4\cse167raytracer\Source\Triangle.h(4): message : see declaration of 'Triangle'
C:\Users\pegra\OneDrive\Documents\School\CSE 167\HW4\cse167raytracer\Source\Sphere.h(4,13): error C2011: 'Sphere': 'class' type redefinition
C:\Users\pegra\OneDrive\Documents\School\CSE 167\HW4\cse167raytracer\Source\Sphere.h(4): message : see declaration of 'Sphere'
C:\Users\pegra\OneDrive\Documents\School\CSE 167\HW4\cse167raytracer\Source\Camera.cpp(23,16): warning C4244: 'initializing': conversion from 'double' to 'float', possible loss of data
C:\Users\pegra\OneDrive\Documents\School\CSE 167\HW4\cse167raytracer\Source\Camera.cpp(24,16): warning C4244: 'initializing': conversion from 'double' to 'float', possible loss of data
C:\Users\pegra\OneDrive\Documents\School\CSE 167\HW4\cse167raytracer\Source\Camera.cpp(26,17): warning C4244: 'initializing': conversion from 'double' to 'float', possible loss of data
C:\Users\pegra\OneDrive\Documents\School\CSE 167\HW4\cse167raytracer\Source\Camera.cpp(27,16): warning C4244: 'initializing': conversion from 'double' to 'float', possible loss of data
C:\Users\pegra\OneDrive\Documents\School\CSE 167\HW4\cse167raytracer\Source\Camera.cpp(32,22): error C2027: use of undefined type 'Sphere'
C:\Users\pegra\OneDrive\Documents\School\CSE 167\HW4\cse167raytracer\Source\Sphere.h(4): message : see declaration of 'Sphere'
C:\Users\pegra\OneDrive\Documents\School\CSE 167\HW4\cse167raytracer\Source\Camera.cpp(32,66): error C2027: use of undefined type 'Sphere'
C:\Users\pegra\OneDrive\Documents\School\CSE 167\HW4\cse167raytracer\Source\Sphere.h(4): message : see declaration of 'Sphere'
C:\Users\pegra\OneDrive\Documents\School\CSE 167\HW4\cse167raytracer\Source\Camera.cpp(36,21): error C2027: use of undefined type 'Sphere'
C:\Users\pegra\OneDrive\Documents\School\CSE 167\HW4\cse167raytracer\Source\Sphere.h(4): message : see declaration of 'Sphere'
C:\Users\pegra\OneDrive\Documents\School\CSE 167\HW4\cse167raytracer\Source\Camera.cpp(37,21): error C2027: use of undefined type 'Sphere'
C:\Users\pegra\OneDrive\Documents\School\CSE 167\HW4\cse167raytracer\Source\Sphere.h(4): message : see declaration of 'Sphere'
C:\Users\pegra\OneDrive\Documents\School\CSE 167\HW4\cse167raytracer\Source\Camera.cpp(54,22): error C2027: use of undefined type 'Triangle'
C:\Users\pegra\OneDrive\Documents\School\CSE 167\HW4\cse167raytracer\Source\Triangle.h(4): message : see declaration of 'Triangle'
C:\Users\pegra\OneDrive\Documents\School\CSE 167\HW4\cse167raytracer\Source\Camera.cpp(54,70): error C2027: use of undefined type 'Triangle'
C:\Users\pegra\OneDrive\Documents\School\CSE 167\HW4\cse167raytracer\Source\Triangle.h(4): message : see declaration of 'Triangle'
C:\Users\pegra\OneDrive\Documents\School\CSE 167\HW4\cse167raytracer\Source\Camera.cpp(57,20): error C2027: use of undefined type 'Triangle'
C:\Users\pegra\OneDrive\Documents\School\CSE 167\HW4\cse167raytracer\Source\Triangle.h(4): message : see declaration of 'Triangle'
C:\Users\pegra\OneDrive\Documents\School\CSE 167\HW4\cse167raytracer\Source\Camera.cpp(58,20): error C2027: use of undefined type 'Triangle'
C:\Users\pegra\OneDrive\Documents\School\CSE 167\HW4\cse167raytracer\Source\Triangle.h(4): message : see declaration of 'Triangle'
C:\Users\pegra\OneDrive\Documents\School\CSE 167\HW4\cse167raytracer\Source\Camera.cpp(59,20): error C2027: use of undefined type 'Triangle'
C:\Users\pegra\OneDrive\Documents\School\CSE 167\HW4\cse167raytracer\Source\Triangle.h(4): message : see declaration of 'Triangle'
C:\Users\pegra\OneDrive\Documents\School\CSE 167\HW4\cse167raytracer\Source\Camera.cpp(60,26): error C2027: use of undefined type 'Triangle'
C:\Users\pegra\OneDrive\Documents\School\CSE 167\HW4\cse167raytracer\Source\Triangle.h(4): message : see declaration of 'Triangle'
C:\Users\pegra\OneDrive\Documents\School\CSE 167\HW4\cse167raytracer\Source\Camera.cpp(60,37): error C2027: use of undefined type 'Triangle'
C:\Users\pegra\OneDrive\Documents\School\CSE 167\HW4\cse167raytracer\Source\Triangle.h(4): message : see declaration of 'Triangle'
C:\Users\pegra\OneDrive\Documents\School\CSE 167\HW4\cse167raytracer\Source\Camera.cpp(61,26): error C2027: use of undefined type 'Triangle'
C:\Users\pegra\OneDrive\Documents\School\CSE 167\HW4\cse167raytracer\Source\Triangle.h(4): message : see declaration of 'Triangle'
C:\Users\pegra\OneDrive\Documents\School\CSE 167\HW4\cse167raytracer\Source\Camera.cpp(61,37): error C2027: use of undefined type 'Triangle'
C:\Users\pegra\OneDrive\Documents\School\CSE 167\HW4\cse167raytracer\Source\Triangle.h(4): message : see declaration of 'Triangle'
C:\Users\pegra\OneDrive\Documents\School\CSE 167\HW4\cse167raytracer\Source\Camera.cpp(76,30): error C2027: use of undefined type 'Triangle'
C:\Users\pegra\OneDrive\Documents\School\CSE 167\HW4\cse167raytracer\Source\Triangle.h(4): message : see declaration of 'Triangle'
C:\Users\pegra\OneDrive\Documents\School\CSE 167\HW4\cse167raytracer\Source\Camera.cpp(76,41): error C2027: use of undefined type 'Triangle'
C:\Users\pegra\OneDrive\Documents\School\CSE 167\HW4\cse167raytracer\Source\Triangle.h(4): message : see declaration of 'Triangle'
C:\Users\pegra\OneDrive\Documents\School\CSE 167\HW4\cse167raytracer\Source\Camera.cpp(77,30): error C2027: use of undefined type 'Triangle'
C:\Users\pegra\OneDrive\Documents\School\CSE 167\HW4\cse167raytracer\Source\Triangle.h(4): message : see declaration of 'Triangle'
C:\Users\pegra\OneDrive\Documents\School\CSE 167\HW4\cse167raytracer\Source\Camera.cpp(77,41): error C2027: use of undefined type 'Triangle'
C:\Users\pegra\OneDrive\Documents\School\CSE 167\HW4\cse167raytracer\Source\Triangle.h(4): message : see declaration of 'Triangle'
C:\Users\pegra\OneDrive\Documents\School\CSE 167\HW4\cse167raytracer\Source\Camera.cpp(109,50): error C2664: 'Intersection Camera::sphereIntersect(Ray,Sphere)': cannot convert argument 2 from 'Sphere' to 'Sphere'
C:\Users\pegra\OneDrive\Documents\School\CSE 167\HW4\cse167raytracer\Source\Camera.cpp(109,50): message : use of undefined type 'Sphere'
C:\Users\pegra\OneDrive\Documents\School\CSE 167\HW4\cse167raytracer\Source\Sphere.h(4,7): message : see declaration of 'Sphere'
C:\Users\pegra\OneDrive\Documents\School\CSE 167\HW4\cse167raytracer\Source\Camera.cpp(32,22): message : see declaration of 'Camera::sphereIntersect'
C:\Users\pegra\OneDrive\Documents\School\CSE 167\HW4\cse167raytracer\Source\Camera.cpp(117,52): error C2664: 'Intersection Camera::triangleIntersect(Ray,Triangle)': cannot convert argument 2 from 'Triangle' to 'Triangle'
C:\Users\pegra\OneDrive\Documents\School\CSE 167\HW4\cse167raytracer\Source\Camera.cpp(117,52): message : use of undefined type 'Triangle'
C:\Users\pegra\OneDrive\Documents\School\CSE 167\HW4\cse167raytracer\Source\Triangle.h(4,7): message : see declaration of 'Triangle'
C:\Users\pegra\OneDrive\Documents\School\CSE 167\HW4\cse167raytracer\Source\Camera.cpp(54,22): message : see declaration of 'Camera::triangleIntersect'
C:\Users\pegra\OneDrive\Documents\School\CSE 167\HW4\cse167raytracer\Source\Camera.cpp(145,32): warning C4244: '=': conversion from 'double' to 'BYTE', possible loss of data
  Intersection.cpp
  main.cpp
C:\Users\pegra\OneDrive\Documents\School\CSE 167\HW4\cse167raytracer\Source\main.cpp(3,10): fatal error C1083: Cannot open include file: 'Camera.h': No such file or directory
  Ray.cpp
  readfile.cpp
C:\Users\pegra\OneDrive\Documents\School\CSE 167\HW4\cse167raytracer\Source\Triangle.h(4,15): error C2011: 'Triangle': 'class' type redefinition
C:\Users\pegra\OneDrive\Documents\School\CSE 167\HW4\cse167raytracer\Source\Triangle.h(4): message : see declaration of 'Triangle'
C:\Users\pegra\OneDrive\Documents\School\CSE 167\HW4\cse167raytracer\Source\Sphere.h(4,13): error C2011: 'Sphere': 'class' type redefinition
C:\Users\pegra\OneDrive\Documents\School\CSE 167\HW4\cse167raytracer\Source\Sphere.h(4): message : see declaration of 'Sphere'
C:\Users\pegra\OneDrive\Documents\School\CSE 167\HW4\cse167raytracer\Source\Scene.h(7,13): error C2011: 'Scene': 'class' type redefinition
C:\Users\pegra\OneDrive\Documents\School\CSE 167\HW4\cse167raytracer\Source\Scene.h(7): message : see declaration of 'Scene'
C:\Users\pegra\OneDrive\Documents\School\CSE 167\HW4\cse167raytracer\Source\readfile.cpp(20,11): error C2079: 'theScene' uses undefined class 'Scene'
C:\Users\pegra\OneDrive\Documents\School\CSE 167\HW4\cse167raytracer\Source\readfile.cpp(20,23): error C2440: 'initializing': cannot convert from 'initializer list' to 'int'
C:\Users\pegra\OneDrive\Documents\School\CSE 167\HW4\cse167raytracer\Source\readfile.cpp(20,19): message : The initializer contains too many elements
C:\Users\pegra\OneDrive\Documents\School\CSE 167\HW4\cse167raytracer\Source\readfile.cpp(124,73): warning C4244: 'argument': conversion from 'float' to 'const unsigned int', possible loss of data
C:\Users\pegra\OneDrive\Documents\School\CSE 167\HW4\cse167raytracer\Source\readfile.cpp(124,93): warning C4244: 'argument': conversion from 'float' to 'const unsigned int', possible loss of data
C:\Users\pegra\OneDrive\Documents\School\CSE 167\HW4\cse167raytracer\Source\readfile.cpp(124,113): warning C4244: 'argument': conversion from 'float' to 'const unsigned int', possible loss of data
C:\Users\pegra\OneDrive\Documents\School\CSE 167\HW4\cse167raytracer\Source\readfile.cpp(124,56): error C2027: use of undefined type 'Triangle'
C:\Users\pegra\OneDrive\Documents\School\CSE 167\HW4\cse167raytracer\Source\Triangle.h(4): message : see declaration of 'Triangle'
C:\Users\pegra\OneDrive\Documents\School\CSE 167\HW4\cse167raytracer\Source\readfile.cpp(130,57): error C2027: use of undefined type 'Sphere'
C:\Users\pegra\OneDrive\Documents\School\CSE 167\HW4\cse167raytracer\Source\Sphere.h(4): message : see declaration of 'Sphere'
C:\Users\pegra\OneDrive\Documents\School\CSE 167\HW4\cse167raytracer\Source\readfile.cpp(138,80): error C2440: '<function-style-cast>': cannot convert from 'initializer list' to 'Camera'
C:\Users\pegra\OneDrive\Documents\School\CSE 167\HW4\cse167raytracer\Source\readfile.cpp(138,80): message : No constructor could take the source type, or constructor overload resolution was ambiguous
  Sphere.cpp
  Triangle.cpp
  Generating Code...
